生成启动时间为 11/25/2016 8:35:50 PM。
     1>项目“C:\Users\wang l\documents\visual studio 2010\Projects\银行管理系统\银行管理系统\银行管理系统.vcxproj”在节点 2 上(build 个目标)。
     1>InitializeBuildStatus:
         正在创建“Debug\银行管理系统.unsuccessfulbuild”，因为已指定“AlwaysCreate”。
       ClCompile:
         所有输出均为最新。
         E:\visual studio 2010\VC\bin\CL.exe /c /ZI /nologo /W3 /WX- /Od /Oy- /D WIN32 /D _DEBUG /D _CONSOLE /D _UNICODE /D UNICODE /Gm /EHsc /RTC1 /MDd /GS /fp:precise /Zc:wchar_t /Zc:forScope /Yu"StdAfx.h" /Fp"Debug\银行管理系统.pch" /Fo"Debug\\" /Fd"Debug\vc100.pdb" /Gd /TP /analyze- /errorReport:prompt ClientSide.cpp
         ClientSide.cpp
     1>c:\users\wang l\documents\visual studio 2010\projects\银行管理系统\银行管理系统\clientside.cpp(23): warning C4996: 'scanf': This function or variable may be unsafe. Consider using scanf_s instead. To disable deprecation, use _CRT_SECURE_NO_WARNINGS. See online help for details.
                 e:\visual studio 2010\vc\include\stdio.h(304) : 参见“scanf”的声明
     1>c:\users\wang l\documents\visual studio 2010\projects\银行管理系统\银行管理系统\clientside.cpp(25): error C2039: “cout”: 不是“std”的成员
     1>c:\users\wang l\documents\visual studio 2010\projects\银行管理系统\银行管理系统\clientside.cpp(25): error C2065: “cout”: 未声明的标识符
     1>已完成生成项目“C:\Users\wang l\documents\visual studio 2010\Projects\银行管理系统\银行管理系统\银行管理系统.vcxproj”(build 个目标)的操作 - 失败。

生成失败。

已用时间 00:00:00.17
